Build started 9/9/2012 3:59:55 PM.
     1>Project "D:\Sander\hl2wars_dev\hl2wars_asw_dev\src\python\Srcbuild\make_versioninfo.vcxproj" on node 3 (build target(s)).
     1>InitializeBuildStatus:
         Creating "D:\Sander\hl2wars_dev\hl2wars_asw_dev\src\python\Srcbuild\Win32-temp-Release\make_versioninfo\make_versioninfo.unsuccessfulbuild" because "AlwaysCreate" was specified.
       ClCompile:
         C:\Program Files (x86)\Microsoft Visual Studio 10.0\VC\bin\CL.exe /c /I..\Include /I..\PC /Zi /nologo /W3 /WX- /O2 /Ob1 /Oi /Oy- /D _CONSOLE /D NDEBUG /D _WIN32 /D _MBCS /GF /Gm- /MD /GS /Gy /fp:precise /Zc:wchar_t /Zc:forScope /Fo"D:\Sander\hl2wars_dev\hl2wars_asw_dev\src\python\Srcbuild\Win32-temp-Release\make_versioninfo\\" /Fd"D:\Sander\hl2wars_dev\hl2wars_asw_dev\src\python\Srcbuild\Win32-temp-Release\make_versioninfo\vc100.pdb" /Gd /TC /analyze- /errorReport:prompt ..\PC\make_versioninfo.c
         make_versioninfo.c
       Link:
         C:\Program Files (x86)\Microsoft Visual Studio 10.0\VC\bin\link.exe /ERRORREPORT:PROMPT /OUT:"D:\Sander\hl2wars_dev\hl2wars_asw_dev\src\python\Srcbuild\make_versioninfo.exe" /INCREMENTAL:NO /NOLOGO /LIBPATH:D:\Sander\hl2wars_dev\hl2wars_asw_dev\src\python\Srcbuild\ kernel32.lib user32.lib gdi32.lib winspool.lib comdlg32.lib advapi32.lib shell32.lib ole32.lib oleaut32.lib uuid.lib odbc32.lib odbccp32.lib /MANIFEST /ManifestFile:"D:\Sander\hl2wars_dev\hl2wars_asw_dev\src\python\Srcbuild\Win32-temp-Release\make_versioninfo\make_versioninfo.exe.intermediate.manifest" /MANIFESTUAC:"level='asInvoker' uiAccess='false'" /DEBUG /PDB:"D:\Sander\hl2wars_dev\hl2wars_asw_dev\src\python\Srcbuild\make_versioninfo.pdb" /SUBSYSTEM:CONSOLE /TLBID:1 /BASE:"0x1d000000" /DYNAMICBASE:NO /IMPLIB:"D:\Sander\hl2wars_dev\hl2wars_asw_dev\src\python\Srcbuild\make_versioninfo.lib" /MACHINE:X86 "D:\Sander\hl2wars_dev\hl2wars_asw_dev\src\python\Srcbuild\Win32-temp-Release\make_versioninfo\make_versioninfo.obj"
         make_versioninfo.vcxproj -> D:\Sander\hl2wars_dev\hl2wars_asw_dev\src\python\Srcbuild\make_versioninfo.exe
       Manifest:
         C:\Program Files (x86)\Microsoft SDKs\Windows\v7.0A\bin\mt.exe /nologo /verbose /outputresource:"D:\Sander\hl2wars_dev\hl2wars_asw_dev\src\python\Srcbuild\make_versioninfo.exe;#1" /manifest "D:\Sander\hl2wars_dev\hl2wars_asw_dev\src\python\Srcbuild\Win32-temp-Release\make_versioninfo\make_versioninfo.exe.intermediate.manifest"
       CustomBuildStep:
       Skipping target "CustomBuildStep" because all output files are up-to-date with respect to the input files.
       PostBuildEvent:
         cd D:\Sander\hl2wars_dev\hl2wars_asw_dev\src\python\Srcbuild\
         make_versioninfo.exe > ..\PC\python_nt.h
         
         :VCEnd
       FinalizeBuildStatus:
         Deleting file "D:\Sander\hl2wars_dev\hl2wars_asw_dev\src\python\Srcbuild\Win32-temp-Release\make_versioninfo\make_versioninfo.unsuccessfulbuild".
         Touching "D:\Sander\hl2wars_dev\hl2wars_asw_dev\src\python\Srcbuild\Win32-temp-Release\make_versioninfo\make_versioninfo.lastbuildstate".
     1>Done Building Project "D:\Sander\hl2wars_dev\hl2wars_asw_dev\src\python\Srcbuild\make_versioninfo.vcxproj" (build target(s)).

Build succeeded.

Time Elapsed 00:00:00.38
